<?xml version="1.0" encoding="UTF-8"?>
<!-- Generated by org.testng.reporters.JUnitXMLReporter -->
<testsuite ignored="0" hostname="APL-6JSJTH4" failures="2" tests="5" name="Default test" time="60.215" errors="0" timestamp="2026-07-05T14:38:38 IST">
  <testcase classname="io.cucumber.testng.AbstractTestNGCucumberTests" name="runScenario" time="11.48"/>
  <testcase classname="io.cucumber.testng.AbstractTestNGCucumberTests" name="runScenario" time="11.526"/>
  <testcase classname="io.cucumber.testng.AbstractTestNGCucumberTests" name="runScenario" time="12.332">
    <failure type="junit.framework.AssertionFailedError">
      <![CDATA[junit.framework.AssertionFailedError
at junit.framework.Assert.fail(Assert.java:55)
at junit.framework.Assert.assertTrue(Assert.java:22)
at junit.framework.Assert.assertTrue(Assert.java:31)
at stepDef.JpetStepDef.they_should_see_an_error_message(JpetStepDef.java:328)
at ✽.they should see an error message "Enter password"(file:///C:/Users/SA20696539/git/SDET-Capstone/JpetCapstone/src/test/java/features/JpetLoginAndLogout.feature:19)
]]>
    </failure>
  </testcase> <!-- runScenario -->
  <testcase classname="io.cucumber.testng.AbstractTestNGCucumberTests" name="runScenario" time="12.345">
    <failure type="junit.framework.AssertionFailedError">
      <![CDATA[junit.framework.AssertionFailedError
at junit.framework.Assert.fail(Assert.java:55)
at junit.framework.Assert.assertTrue(Assert.java:22)
at junit.framework.Assert.assertTrue(Assert.java:31)
at stepDef.JpetStepDef.they_should_see_an_error_message(JpetStepDef.java:328)
at ✽.they should see an error message "Enter username"(file:///C:/Users/SA20696539/git/SDET-Capstone/JpetCapstone/src/test/java/features/JpetLoginAndLogout.feature:19)
]]>
    </failure>
  </testcase> <!-- runScenario -->
  <testcase classname="io.cucumber.testng.AbstractTestNGCucumberTests" name="runScenario" time="10.8"/>
</testsuite> <!-- Default test -->
