<?xml version="1.0" encoding="UTF-8"?>
<!-- Generated by org.testng.reporters.JUnitXMLReporter -->
<testsuite ignored="0" hostname="APL-6JSJTH4" failures="1" tests="1" name="Default test" time="14.436" errors="0" timestamp="2026-07-02T13:04:15 IST">
  <testcase classname="io.cucumber.testng.AbstractTestNGCucumberTests" name="runScenario" time="13.549">
    <failure type="junit.framework.AssertionFailedError" message="BUG DETECTED: The page text did not contain the expected product ID: AV-CB-01">
      <![CDATA[junit.framework.AssertionFailedError: BUG DETECTED: The page text did not contain the expected product ID: AV-CB-01
at junit.framework.Assert.fail(Assert.java:57)
at junit.framework.Assert.assertTrue(Assert.java:22)
at stepDef.JpetStepDef.user_should_able_to_see_data_releated_to_it(JpetStepDef.java:366)
at ✽.User Should able to see data releated to it(file:///C:/Users/SA20696539/git/SDET-Capstone/JpetCapstone/src/test/java/features/JpetHome.feature:12)
]]>
    </failure>
  </testcase> <!-- runScenario -->
</testsuite> <!-- Default test -->
