<?xml version="1.0" encoding="UTF-8"?>
<!-- Generated by org.testng.reporters.JUnitReportReporter -->
<testsuite hostname="APL-6JSJTH4" failures="2" tests="5" name="runner.JpetRunner" time="59.322" errors="0" timestamp="2026-07-02T17:54:07 IST" skipped="0">
  <testcase classname="runner.JpetRunner" name="runScenario" time="10.625"/>
  <testcase classname="runner.JpetRunner" name="runScenario" time="13.260">
    <failure type="junit.framework.AssertionFailedError">
      <![CDATA[junit.framework.AssertionFailedError
at junit.framework.Assert.fail(Assert.java:55)
at junit.framework.Assert.assertTrue(Assert.java:22)
at junit.framework.Assert.assertTrue(Assert.java:31)
at stepDef.JpetStepDef.they_should_see_an_error_message(JpetStepDef.java:306)
at ✽.they should see an error message "Enter username"(file:///C:/Users/SA20696539/git/SDET-Capstone/JpetCapstone/src/test/java/features/JpetLoginAndLogout.feature:19)
]]>
    </failure>
  </testcase> <!-- runScenario -->
  <testcase classname="runner.JpetRunner" name="runScenario" time="10.823"/>
  <testcase classname="runner.JpetRunner" name="runScenario" time="14.494">
    <failure type="junit.framework.AssertionFailedError">
      <![CDATA[junit.framework.AssertionFailedError
at junit.framework.Assert.fail(Assert.java:55)
at junit.framework.Assert.assertTrue(Assert.java:22)
at junit.framework.Assert.assertTrue(Assert.java:31)
at stepDef.JpetStepDef.they_should_see_an_error_message(JpetStepDef.java:306)
at ✽.they should see an error message "Enter password"(file:///C:/Users/SA20696539/git/SDET-Capstone/JpetCapstone/src/test/java/features/JpetLoginAndLogout.feature:19)
]]>
    </failure>
  </testcase> <!-- runScenario -->
  <testcase classname="runner.JpetRunner" name="runScenario" time="10.120"/>
</testsuite> <!-- runner.JpetRunner -->
