<?xml version="1.0" encoding="UTF-8"?>
<!-- Generated by org.testng.reporters.JUnitReportReporter -->
<testsuite hostname="APL-6JSJTH4" failures="2" tests="5" name="runner.JpetRunner" time="56.203" errors="0" timestamp="2026-07-01T16:50:46 IST" skipped="0">
  <testcase classname="runner.JpetRunner" name="runScenario" time="10.320"/>
  <testcase classname="runner.JpetRunner" name="runScenario" time="12.010"/>
  <testcase classname="runner.JpetRunner" name="runScenario" time="10.825"/>
  <testcase classname="runner.JpetRunner" name="runScenario" time="11.624">
    <failure type="junit.framework.AssertionFailedError">
      <![CDATA[junit.framework.AssertionFailedError
at junit.framework.Assert.fail(Assert.java:55)
at junit.framework.Assert.assertTrue(Assert.java:22)
at junit.framework.Assert.assertTrue(Assert.java:31)
at stepDef.JpetStepDef.they_should_see_an_error_message(JpetStepDef.java:95)
at ✽.they should see an error message "Enter password"(file:///C:/Users/SA20696539/eclipse-workspace/JpetCapstone/src/test/java/features/JpetLogin.feature:19)
]]>
    </failure>
  </testcase> <!-- runScenario -->
  <testcase classname="runner.JpetRunner" name="runScenario" time="11.424">
    <failure type="junit.framework.AssertionFailedError">
      <![CDATA[junit.framework.AssertionFailedError
at junit.framework.Assert.fail(Assert.java:55)
at junit.framework.Assert.assertTrue(Assert.java:22)
at junit.framework.Assert.assertTrue(Assert.java:31)
at stepDef.JpetStepDef.they_should_see_an_error_message(JpetStepDef.java:95)
at ✽.they should see an error message "Enter username"(file:///C:/Users/SA20696539/eclipse-workspace/JpetCapstone/src/test/java/features/JpetLogin.feature:19)
]]>
    </failure>
  </testcase> <!-- runScenario -->
</testsuite> <!-- runner.JpetRunner -->
