<?xml version="1.0" encoding="UTF-8"?>
<testng-results ignored="0" total="1" passed="0" failed="1" skipped="0">
  <reporter-output>
  </reporter-output>
  <suite started-at="2026-07-02T13:04:00 IST" name="Default suite" finished-at="2026-07-02T13:04:15 IST" duration-ms="14436">
    <groups>
      <group name="cucumber">
        <method signature="AbstractTestNGCucumberTests.runScenario(io.cucumber.testng.PickleWrapper,io.cucumber.testng.FeatureWrapper)[pri:0, instance:runner.JpetRunner@45b4c3a9]" name="runScenario" class="io.cucumber.testng.AbstractTestNGCucumberTests"/>
      </group> <!-- cucumber -->
    </groups>
    <test started-at="2026-07-02T13:04:00 IST" name="Default test" finished-at="2026-07-02T13:04:15 IST" duration-ms="14436">
      <class name="runner.JpetRunner">
        <test-method is-config="true" signature="setUpClass(org.testng.ITestContext)[pri:0, instance:runner.JpetRunner@45b4c3a9]" started-at="2026-07-02T13:04:00 IST" name="setUpClass" finished-at="2026-07-02T13:04:01 IST" duration-ms="786" status="PASS">
          <params>
            <param index="0">
              <value>
                <![CDATA[org.testng.TestRunner@16a49a5d]]>
              </value>
            </param>
          </params>
          <reporter-output>
          </reporter-output>
        </test-method> <!-- setUpClass -->
        <test-method signature="runScenario(io.cucumber.testng.PickleWrapper,io.cucumber.testng.FeatureWrapper)[pri:0, instance:runner.JpetRunner@45b4c3a9]" started-at="2026-07-02T13:04:01 IST" name="runScenario" description="Runs Cucumber Scenarios" data-provider="scenarios" finished-at="2026-07-02T13:04:15 IST" duration-ms="13549" status="FAIL">
          <params>
            <param index="0">
              <value>
                <![CDATA["User Searchbar Functionality"]]>
              </value>
            </param>
            <param index="1">
              <value>
                <![CDATA["Home Page Functionalities"]]>
              </value>
            </param>
          </params>
          <exception class="junit.framework.AssertionFailedError">
            <message>
              <![CDATA[BUG DETECTED: The page text did not contain the expected product ID: AV-CB-01]]>
            </message>
            <full-stacktrace>
              <![CDATA[junit.framework.AssertionFailedError: BUG DETECTED: The page text did not contain the expected product ID: AV-CB-01
at junit.framework.Assert.fail(Assert.java:57)
at junit.framework.Assert.assertTrue(Assert.java:22)
at stepDef.JpetStepDef.user_should_able_to_see_data_releated_to_it(JpetStepDef.java:366)
at ✽.User Should able to see data releated to it(file:///C:/Users/SA20696539/git/SDET-Capstone/JpetCapstone/src/test/java/features/JpetHome.feature:12)
]]>
            </full-stacktrace>
          </exception> <!-- junit.framework.AssertionFailedError -->
          <reporter-output>
          </reporter-output>
        </test-method> <!-- runScenario -->
        <test-method is-config="true" signature="tearDownClass()[pri:0, instance:runner.JpetRunner@45b4c3a9]" started-at="2026-07-02T13:04:15 IST" name="tearDownClass" finished-at="2026-07-02T13:04:15 IST" duration-ms="41" status="PASS">
          <reporter-output>
          </reporter-output>
        </test-method> <!-- tearDownClass -->
      </class> <!-- runner.JpetRunner -->
    </test> <!-- Default test -->
  </suite> <!-- Default suite -->
</testng-results>
